
Oct 12, 2022 13:01:04.99 NEW SESSION
Oct 12, 2022 13:01:04.99 [520:9184:1012/130104.990:ERROR:device_event_log_impl.cc(214)] [13:01:04.989] USB: usb_device_handle_win.cc:1048 Failed to read descriptor from node connection: A device attached to the system is not functioning. (0x1F)
Oct 12, 2022 13:02:02.56 [520:9168:1012/130202.561:ERROR:util.cc(129)] Can't create base directory: C:\Program Files\Google\GoogleUpdater
Oct 12, 2022 13:14:54.90 [520:9516:1012/131454.902:ERROR:connection_factory_impl.cc(425)] Failed to connect to MCS endpoint with error -105
Oct 12, 2022 13:15:06.24 [520:9516:1012/131506.242:ERROR:connection_factory_impl.cc(425)] Failed to connect to MCS endpoint with error -105
Oct 12, 2022 13:15:07.76 [520:9184:1012/131507.761:ERROR:device_event_log_impl.cc(214)] [13:15:07.760] USB: usb_service_win.cc:104 SetupDiGetDeviceProperty({{A45C254E-DF1C-4EFD-8020-67D146A850E0}, 6}) failed: Element not found. (0x490)
Oct 12, 2022 13:15:08.44 [520:9516:1012/131508.445:ERROR:connection_factory_impl.cc(425)] Failed to connect to MCS endpoint with error -106
Oct 12, 2022 13:15:15.89 [520:9516:1012/131515.897:ERROR:connection_factory_impl.cc(425)] Failed to connect to MCS endpoint with error -105
Oct 12, 2022 13:15:26.28 [520:9516:1012/131526.286:ERROR:connection_factory_impl.cc(425)] Failed to connect to MCS endpoint with error -105
Oct 12, 2022 13:16:18.95 [520:9516:1012/131618.956:ERROR:connection_factory_impl.cc(425)] Failed to connect to MCS endpoint with error -106
Oct 12, 2022 13:17:53.66 [520:9516:1012/131753.667:ERROR:connection_factory_impl.cc(425)] Failed to connect to MCS endpoint with error -105
Oct 12, 2022 13:28:04.90 [520:9516:1012/132804.905:ERROR:connection_factory_impl.cc(425)] Failed to connect to MCS endpoint with error -105
Oct 12, 2022 13:38:04.91 [520:9516:1012/133804.916:ERROR:connection_factory_impl.cc(425)] Failed to connect to MCS endpoint with error -105
Oct 12, 2022 14:14:52.05 [520:9184:1012/141452.054:ERROR:interface_endpoint_client.cc(689)] Message 0 rejected by interface blink.mojom.WidgetHost
Oct 12, 2022 14:16:08.34 [520:9184:1012/141608.345:ERROR:interface_endpoint_client.cc(689)] Message 0 rejected by interface blink.mojom.WidgetHost
Oct 12, 2022 14:22:19.60 [520:9184:1012/142219.598:ERROR:interface_endpoint_client.cc(689)] Message 0 rejected by interface blink.mojom.WidgetHost

Oct 15, 2022 18:03:46.44 NEW SESSION
Oct 15, 2022 18:03:46.44 [6380:260:1015/180346.432:ERROR:device_event_log_impl.cc(214)] [18:03:46.428] USB: usb_device_handle_win.cc:1048 Failed to read descriptor from node connection: A device attached to the system is not functioning. (0x1F)
Oct 15, 2022 18:04:39.11 [6380:11320:1015/180439.119:ERROR:util.cc(129)] Can't create base directory: C:\Program Files\Google\GoogleUpdater
Oct 15, 2022 18:20:44.45 [6380:4040:1015/182044.456:ERROR:connection_factory_impl.cc(425)] Failed to connect to MCS endpoint with error -105
Oct 15, 2022 18:20:52.08 [6380:4040:1015/182052.086:ERROR:connection_factory_impl.cc(425)] Failed to connect to MCS endpoint with error -105
Oct 15, 2022 18:20:54.10 [6380:4040:1015/182054.104:ERROR:connection_factory_impl.cc(425)] Failed to connect to MCS endpoint with error -106
Oct 15, 2022 18:21:08.40 [6380:4040:1015/182108.407:ERROR:connection_factory_impl.cc(425)] Failed to connect to MCS endpoint with error -105
Oct 15, 2022 18:25:56.39 [6380:4040:1015/182556.390:ERROR:connection_factory_impl.cc(425)] Failed to connect to MCS endpoint with error -105
Oct 15, 2022 18:26:05.20 [6380:4040:1015/182605.207:ERROR:connection_factory_impl.cc(425)] Failed to connect to MCS endpoint with error -105
Oct 15, 2022 18:26:09.94 [6380:4040:1015/182609.941:ERROR:connection_factory_impl.cc(425)] Failed to connect to MCS endpoint with error -105
Oct 15, 2022 18:28:18.28 [6380:4040:1015/182818.284:ERROR:connection_factory_impl.cc(425)] Failed to connect to MCS endpoint with error -105
Oct 15, 2022 18:35:58.93 [6380:4040:1015/183558.935:ERROR:connection_factory_impl.cc(425)] Failed to connect to MCS endpoint with error -105
Oct 15, 2022 18:36:05.41 [6380:4040:1015/183605.417:ERROR:connection_factory_impl.cc(425)] Failed to connect to MCS endpoint with error -105
Oct 15, 2022 18:41:21.26 [6380:4040:1015/184121.267:ERROR:connection_factory_impl.cc(425)] Failed to connect to MCS endpoint with error -118
Oct 15, 2022 18:42:51.59 [6380:4040:1015/184251.596:ERROR:connection_factory_impl.cc(425)] Failed to connect to MCS endpoint with error -106
Oct 15, 2022 18:43:07.94 [6380:4040:1015/184307.948:ERROR:connection_factory_impl.cc(425)] Failed to connect to MCS endpoint with error -105
Oct 15, 2022 18:43:21.91 [6380:4040:1015/184321.913:ERROR:connection_factory_impl.cc(425)] Failed to connect to MCS endpoint with error -105
Oct 15, 2022 21:26:57.45 [6380:4040:1015/212657.448:ERROR:connection_factory_impl.cc(425)] Failed to connect to MCS endpoint with error -106
Oct 15, 2022 21:27:23.61 [6380:4040:1015/212723.611:ERROR:connection_factory_impl.cc(425)] Failed to connect to MCS endpoint with error -106
Oct 17, 2022 08:37:31.38 [6380:4040:1017/083731.381:ERROR:connection_factory_impl.cc(425)] Failed to connect to MCS endpoint with error -106
Oct 17, 2022 08:37:32.84 [6380:2692:1017/083731.564:ERROR:util.cc(129)] Can't create base directory: C:\Program Files\Google\GoogleUpdater
Oct 17, 2022 08:38:07.21 [6380:260:1017/083807.210:ERROR:account_info_fetcher.cc(62)] OnGetTokenFailure: Connection failed (-106).
Oct 17, 2022 08:39:15.61 [6380:4040:1017/083915.609:ERROR:connection_factory_impl.cc(425)] Failed to connect to MCS endpoint with error -106
Oct 17, 2022 08:42:01.70 [6380:4040:1017/084201.701:ERROR:connection_factory_impl.cc(425)] Failed to connect to MCS endpoint with error -106
Oct 17, 2022 08:49:21.05 [6380:4040:1017/084921.053:ERROR:connection_factory_impl.cc(425)] Failed to connect to MCS endpoint with error -106
Oct 17, 2022 08:59:21.07 [6380:4040:1017/085921.059:ERROR:connection_factory_impl.cc(425)] Failed to connect to MCS endpoint with error -106
Oct 17, 2022 09:09:21.63 [6380:4040:1017/090921.449:ERROR:connection_factory_impl.cc(425)] Failed to connect to MCS endpoint with error -106
Oct 17, 2022 09:19:21.54 [6380:4040:1017/091921.540:ERROR:connection_factory_impl.cc(425)] Failed to connect to MCS endpoint with error -106
Oct 17, 2022 09:29:21.57 [6380:4040:1017/092921.573:ERROR:connection_factory_impl.cc(425)] Failed to connect to MCS endpoint with error -106
Oct 17, 2022 09:39:21.59 [6380:4040:1017/093921.590:ERROR:connection_factory_impl.cc(425)] Failed to connect to MCS endpoint with error -106
Oct 17, 2022 09:49:21.61 [6380:4040:1017/094921.611:ERROR:connection_factory_impl.cc(425)] Failed to connect to MCS endpoint with error -106
Oct 17, 2022 09:59:21.62 [6380:4040:1017/095921.625:ERROR:connection_factory_impl.cc(425)] Failed to connect to MCS endpoint with error -106
Oct 17, 2022 10:09:21.64 [6380:4040:1017/100921.647:ERROR:connection_factory_impl.cc(425)] Failed to connect to MCS endpoint with error -106
Oct 17, 2022 12:02:33.40 [6380:4040:1017/120233.405:ERROR:connection_factory_impl.cc(425)] Failed to connect to MCS endpoint with error -106
Oct 17, 2022 13:49:33.59 [6380:4040:1017/134933.481:ERROR:connection_factory_impl.cc(425)] Failed to connect to MCS endpoint with error -105
Oct 17, 2022 13:49:35.12 [6380:6908:1017/134934.631:ERROR:util.cc(129)] Can't create base directory: C:\Program Files\Google\GoogleUpdater
Oct 17, 2022 14:15:13.98 [11816:11792:1017/141513.989:ERROR:device_event_log_impl.cc(214)] [14:15:13.989] USB: usb_device_handle_win.cc:1048 Failed to read descriptor from node connection: A device attached to the system is not functioning. (0x1F)
Oct 17, 2022 14:16:11.71 [11816:8616:1017/141611.716:ERROR:util.cc(129)] Can't create base directory: C:\Program Files\Google\GoogleUpdater
Oct 17, 2022 14:29:52.91 [11816:3876:1017/142952.913:ERROR:connection_factory_impl.cc(425)] Failed to connect to MCS endpoint with error -105
Oct 17, 2022 15:24:24.91 [11816:3876:1017/152424.914:ERROR:connection_factory_impl.cc(425)] Failed to connect to MCS endpoint with error -105
Oct 17, 2022 15:24:32.04 [11816:3876:1017/152432.041:ERROR:connection_factory_impl.cc(425)] Failed to connect to MCS endpoint with error -105
Oct 17, 2022 15:24:34.06 [11816:3876:1017/152434.063:ERROR:connection_factory_impl.cc(425)] Failed to connect to MCS endpoint with error -106
Oct 17, 2022 15:24:46.05 [11816:3876:1017/152446.051:ERROR:connection_factory_impl.cc(425)] Failed to connect to MCS endpoint with error -105
Oct 17, 2022 16:02:16.66 [11816:3876:1017/160215.972:ERROR:connection_factory_impl.cc(425)] Failed to connect to MCS endpoint with error -106
Oct 17, 2022 16:02:29.41 [11816:3876:1017/160229.418:ERROR:connection_factory_impl.cc(425)] Failed to connect to MCS endpoint with error -105
Oct 17, 2022 16:02:31.43 [11816:3876:1017/160231.435:ERROR:connection_factory_impl.cc(425)] Failed to connect to MCS endpoint with error -106
Oct 17, 2022 16:02:42.92 [11816:3876:1017/160242.922:ERROR:connection_factory_impl.cc(425)] Failed to connect to MCS endpoint with error -105
Oct 17, 2022 16:02:46.94 [11816:3876:1017/160246.943:ERROR:connection_factory_impl.cc(425)] Failed to connect to MCS endpoint with error -105
Oct 17, 2022 16:02:50.03 [11816:5812:1017/160250.037:ERROR:get_updates_processor.cc(260)] PostClientToServerMessage() failed during GetUpdates with error 2
Oct 17, 2022 16:02:52.45 [11816:3876:1017/160252.459:ERROR:connection_factory_impl.cc(425)] Failed to connect to MCS endpoint with error -106
Oct 17, 2022 16:03:35.04 [11816:11712:1017/160335.045:ERROR:get_updates_processor.cc(260)] PostClientToServerMessage() failed during GetUpdates with error 2
Oct 17, 2022 16:04:42.55 [11816:11712:1017/160442.548:ERROR:get_updates_processor.cc(260)] PostClientToServerMessage() failed during GetUpdates with error 2
Oct 17, 2022 16:08:55.45 [11816:3876:1017/160855.445:ERROR:connection_factory_impl.cc(425)] Failed to connect to MCS endpoint with error -106
Oct 17, 2022 16:12:37.32 [11816:3876:1017/161237.322:ERROR:connection_factory_impl.cc(425)] Failed to connect to MCS endpoint with error -7
Oct 17, 2022 16:13:03.94 [11816:3876:1017/161303.949:ERROR:connection_factory_impl.cc(425)] Failed to connect to MCS endpoint with error -105
Oct 17, 2022 16:13:05.61 [11816:11792:1017/161305.612:ERROR:device_event_log_impl.cc(214)] [16:13:05.611] USB: usb_service_win.cc:104 SetupDiGetDeviceProperty({{A45C254E-DF1C-4EFD-8020-67D146A850E0}, 6}) failed: Element not found. (0x490)
Oct 17, 2022 16:13:06.02 [11816:3876:1017/161306.021:ERROR:connection_factory_impl.cc(425)] Failed to connect to MCS endpoint with error -106
Oct 17, 2022 16:14:29.94 [11816:3876:1017/161429.940:ERROR:connection_factory_impl.cc(425)] Failed to connect to MCS endpoint with error -105
Oct 17, 2022 16:14:37.00 [11816:3876:1017/161437.007:ERROR:connection_factory_impl.cc(425)] Failed to connect to MCS endpoint with error -105
Oct 17, 2022 16:14:39.02 [11816:3876:1017/161439.021:ERROR:connection_factory_impl.cc(425)] Failed to connect to MCS endpoint with error -106
Oct 17, 2022 16:14:57.42 [11816:3876:1017/161457.420:ERROR:connection_factory_impl.cc(425)] Failed to connect to MCS endpoint with error -105
Oct 17, 2022 16:15:06.30 [11816:3876:1017/161506.305:ERROR:connection_factory_impl.cc(425)] Failed to connect to MCS endpoint with error -105
Oct 17, 2022 16:15:08.33 [11816:3876:1017/161508.330:ERROR:connection_factory_impl.cc(425)] Failed to connect to MCS endpoint with error -106
Oct 17, 2022 16:15:23.13 [11816:3876:1017/161523.134:ERROR:connection_factory_impl.cc(425)] Failed to connect to MCS endpoint with error -105
Oct 17, 2022 16:15:27.97 [11816:3876:1017/161527.971:ERROR:connection_factory_impl.cc(425)] Failed to connect to MCS endpoint with error -105
Oct 17, 2022 16:15:42.43 [11816:3876:1017/161542.433:ERROR:connection_factory_impl.cc(425)] Failed to connect to MCS endpoint with error -105
Oct 17, 2022 16:15:45.67 [11816:3876:1017/161545.678:ERROR:connection_factory_impl.cc(425)] Failed to connect to MCS endpoint with error -105
Oct 17, 2022 16:15:54.92 [11816:3876:1017/161554.928:ERROR:connection_factory_impl.cc(425)] Failed to connect to MCS endpoint with error -105
Oct 17, 2022 16:15:59.41 [11816:3876:1017/161559.416:ERROR:connection_factory_impl.cc(425)] Failed to connect to MCS endpoint with error -105
Oct 17, 2022 16:17:02.53 [11816:3876:1017/161702.534:ERROR:connection_factory_impl.cc(425)] Failed to connect to MCS endpoint with error -7
Oct 17, 2022 16:17:13.45 [11816:3876:1017/161713.453:ERROR:connection_factory_impl.cc(425)] Failed to connect to MCS endpoint with error -105
Oct 17, 2022 16:17:17.42 [11816:3876:1017/161717.423:ERROR:connection_factory_impl.cc(425)] Failed to connect to MCS endpoint with error -105
Oct 17, 2022 16:17:21.93 [11816:3876:1017/161721.937:ERROR:connection_factory_impl.cc(425)] Failed to connect to MCS endpoint with error -105
Oct 17, 2022 16:17:46.03 [11816:3876:1017/161746.030:ERROR:connection_factory_impl.cc(425)] Failed to connect to MCS endpoint with error -118
Oct 17, 2022 16:18:19.99 [11816:3876:1017/161819.998:ERROR:connection_factory_impl.cc(425)] Failed to connect to MCS endpoint with error -118
Oct 17, 2022 16:19:15.47 [11816:3876:1017/161915.470:ERROR:connection_factory_impl.cc(425)] Failed to connect to MCS endpoint with error -118
Oct 17, 2022 16:19:24.31 [11816:3876:1017/161924.310:ERROR:connection_factory_impl.cc(425)] Failed to connect to MCS endpoint with error -106
Oct 17, 2022 16:30:46.48 [11816:3876:1017/163046.488:ERROR:connection_factory_impl.cc(425)] Failed to connect to MCS endpoint with error -118
Oct 17, 2022 16:30:59.83 [11816:3876:1017/163059.834:ERROR:connection_factory_impl.cc(425)] Failed to connect to MCS endpoint with error -105
Oct 17, 2022 16:31:04.97 [11816:3876:1017/163104.979:ERROR:connection_factory_impl.cc(425)] Failed to connect to MCS endpoint with error -105
Oct 17, 2022 16:37:48.47 [11816:3876:1017/163748.477:ERROR:connection_factory_impl.cc(425)] Failed to connect to MCS endpoint with error -118
Oct 17, 2022 16:38:14.02 [11816:3876:1017/163814.022:ERROR:connection_factory_impl.cc(425)] Failed to connect to MCS endpoint with error -118
Oct 17, 2022 16:39:30.96 [11816:3876:1017/163930.969:ERROR:connection_factory_impl.cc(425)] Failed to connect to MCS endpoint with error -118
Oct 17, 2022 16:40:57.40 [11816:3876:1017/164057.403:ERROR:connection_factory_impl.cc(425)] Failed to connect to MCS endpoint with error -106
Oct 17, 2022 16:41:05.93 [11816:3876:1017/164105.939:ERROR:connection_factory_impl.cc(425)] Failed to connect to MCS endpoint with error -105
Oct 17, 2022 16:41:10.44 [11816:3876:1017/164110.439:ERROR:connection_factory_impl.cc(425)] Failed to connect to MCS endpoint with error -105
Oct 17, 2022 16:41:18.42 [11816:3876:1017/164118.418:ERROR:connection_factory_impl.cc(425)] Failed to connect to MCS endpoint with error -105
Oct 17, 2022 16:42:29.28 [11816:3876:1017/164229.286:ERROR:connection_factory_impl.cc(425)] Failed to connect to MCS endpoint with error -118
Oct 17, 2022 17:11:03.62 [11816:3876:1017/171103.619:ERROR:connection_factory_impl.cc(425)] Failed to connect to MCS endpoint with error -105
Oct 17, 2022 17:15:44.72 [11816:3876:1017/171544.728:ERROR:connection_factory_impl.cc(425)] Failed to connect to MCS endpoint with error -105
Oct 17, 2022 17:15:49.44 [11816:3876:1017/171549.444:ERROR:connection_factory_impl.cc(425)] Failed to connect to MCS endpoint with error -105
Oct 17, 2022 20:21:26.06 [11816:3876:1017/202126.060:ERROR:connection_factory_impl.cc(425)] Failed to connect to MCS endpoint with error -105
Oct 18, 2022 08:03:50.79 [11816:3876:1018/080350.786:ERROR:connection_factory_impl.cc(425)] Failed to connect to MCS endpoint with error -106
Oct 18, 2022 08:03:50.80 [11816:5436:1018/080350.794:ERROR:get_updates_processor.cc(260)] PostClientToServerMessage() failed during GetUpdates with error 2
Oct 18, 2022 08:03:51.65 [11816:9592:1018/080351.653:ERROR:util.cc(129)] Can't create base directory: C:\Program Files\Google\GoogleUpdater
Oct 18, 2022 08:04:49.17 [11816:3876:1018/080449.170:ERROR:connection_factory_impl.cc(425)] Failed to connect to MCS endpoint with error -106
Oct 18, 2022 08:05:05.81 [11816:7236:1018/080505.818:ERROR:get_updates_processor.cc(260)] PostClientToServerMessage() failed during GetUpdates with error 2
Oct 18, 2022 08:06:20.63 [11816:3876:1018/080620.630:ERROR:connection_factory_impl.cc(425)] Failed to connect to MCS endpoint with error -106
Oct 18, 2022 08:06:58.33 [11816:10476:1018/080658.335:ERROR:get_updates_processor.cc(260)] PostClientToServerMessage() failed during GetUpdates with error 2
Oct 18, 2022 08:09:47.10 [11816:10476:1018/080947.101:ERROR:get_updates_processor.cc(260)] PostClientToServerMessage() failed during GetUpdates with error 2
Oct 18, 2022 08:09:47.86 [11816:3876:1018/080947.868:ERROR:connection_factory_impl.cc(425)] Failed to connect to MCS endpoint with error -106
Oct 18, 2022 08:14:00.24 [11816:5436:1018/081400.243:ERROR:get_updates_processor.cc(260)] PostClientToServerMessage() failed during GetUpdates with error 2
Oct 18, 2022 08:15:34.07 [11816:3876:1018/081534.073:ERROR:connection_factory_impl.cc(425)] Failed to connect to MCS endpoint with error -106
Oct 18, 2022 08:25:34.09 [11816:3876:1018/082534.092:ERROR:connection_factory_impl.cc(425)] Failed to connect to MCS endpoint with error -106
Oct 18, 2022 08:34:00.31 [11816:5436:1018/083400.312:ERROR:get_updates_processor.cc(260)] PostClientToServerMessage() failed during GetUpdates with error 2
Oct 18, 2022 08:35:15.33 [11816:10476:1018/083515.333:ERROR:get_updates_processor.cc(260)] PostClientToServerMessage() failed during GetUpdates with error 2
Oct 18, 2022 08:35:34.11 [11816:3876:1018/083534.109:ERROR:connection_factory_impl.cc(425)] Failed to connect to MCS endpoint with error -106
Oct 18, 2022 08:37:07.84 [11816:6652:1018/083707.844:ERROR:get_updates_processor.cc(260)] PostClientToServerMessage() failed during GetUpdates with error 2
Oct 18, 2022 08:38:01.78 [11816:11792:1018/083801.786:ERROR:account_info_fetcher.cc(62)] OnGetTokenFailure: Connection failed (-106).

Oct 18, 2022 13:12:41.35 NEW SESSION
Oct 18, 2022 13:12:41.35 [7816:2516:1018/131241.348:ERROR:device_event_log_impl.cc(214)] [13:12:41.347] USB: usb_device_handle_win.cc:1048 Failed to read descriptor from node connection: A device attached to the system is not functioning. (0x1F)
Oct 18, 2022 13:13:37.05 [7816:11088:1018/131337.059:ERROR:util.cc(129)] Can't create base directory: C:\Program Files\Google\GoogleUpdater
Oct 18, 2022 15:34:10.44 [7816:7924:1018/153410.421:ERROR:connection_factory_impl.cc(425)] Failed to connect to MCS endpoint with error -105
Oct 18, 2022 17:32:22.89 [7816:7924:1018/173222.885:ERROR:connection_factory_impl.cc(425)] Failed to connect to MCS endpoint with error -106
Oct 18, 2022 17:45:59.86 [7816:7924:1018/174559.866:ERROR:connection_factory_impl.cc(425)] Failed to connect to MCS endpoint with error -105

Oct 20, 2022 13:37:51.64 NEW SESSION
Oct 20, 2022 13:37:51.65 [11260:10312:1020/133751.640:ERROR:device_event_log_impl.cc(214)] [13:37:51.639] USB: usb_device_handle_win.cc:1048 Failed to read descriptor from node connection: A device attached to the system is not functioning. (0x1F)
Oct 20, 2022 13:38:42.51 [11260:11220:1020/133842.495:ERROR:util.cc(129)] Can't create base directory: C:\Program Files\Google\GoogleUpdater
Oct 20, 2022 15:39:34.82 [11260:8884:1020/153934.820:ERROR:connection_factory_impl.cc(425)] Failed to connect to MCS endpoint with error -105

Oct 21, 2022 13:56:20.63 NEW SESSION
Oct 21, 2022 13:56:20.64 [8000:5848:1021/135620.632:ERROR:device_event_log_impl.cc(214)] [13:56:20.632] USB: usb_device_handle_win.cc:1048 Failed to read descriptor from node connection: A device attached to the system is not functioning. (0x1F)
Oct 21, 2022 13:57:16.99 [8000:5664:1021/135716.997:ERROR:util.cc(129)] Can't create base directory: C:\Program Files\Google\GoogleUpdater
Oct 21, 2022 17:21:04.19 [8000:8640:1021/172104.199:ERROR:connection_factory_impl.cc(425)] Failed to connect to MCS endpoint with error -106
Oct 21, 2022 17:21:04.71 [8000:8640:1021/172104.716:ERROR:connection_factory_impl.cc(425)] Failed to connect to MCS endpoint with error -106
Oct 21, 2022 17:21:06.38 [8000:5848:1021/172106.367:ERROR:device_event_log_impl.cc(214)] [17:21:06.377] USB: usb_service_win.cc:104 SetupDiGetDeviceProperty({{A45C254E-DF1C-4EFD-8020-67D146A850E0}, 6}) failed: Element not found. (0x490)
Oct 22, 2022 14:31:20.67 [8000:1584:1022/143120.672:ERROR:get_updates_processor.cc(260)] PostClientToServerMessage() failed during GetUpdates with error 2
Oct 22, 2022 14:31:20.68 [8000:8640:1022/143120.682:ERROR:connection_factory_impl.cc(425)] Failed to connect to MCS endpoint with error -106
Oct 22, 2022 14:31:20.96 [8000:8632:1022/143120.886:ERROR:util.cc(129)] Can't create base directory: C:\Program Files\Google\GoogleUpdater
Oct 22, 2022 14:31:45.47 [8000:8640:1022/143145.477:ERROR:connection_factory_impl.cc(425)] Failed to connect to MCS endpoint with error -106
Oct 22, 2022 14:31:53.90 [8000:5848:1022/143153.907:ERROR:account_info_fetcher.cc(62)] OnGetTokenFailure: Connection failed (-106).
Oct 22, 2022 14:32:45.15 [8000:8640:1022/143245.154:ERROR:connection_factory_impl.cc(425)] Failed to connect to MCS endpoint with error -106
Oct 22, 2022 14:34:19.71 [8000:8640:1022/143419.713:ERROR:connection_factory_impl.cc(425)] Failed to connect to MCS endpoint with error -106
Oct 22, 2022 14:35:11.20 [8000:8640:1022/143511.203:ERROR:connection_factory_impl.cc(425)] Failed to connect to MCS endpoint with error -105
Oct 22, 2022 14:35:14.35 [8000:8640:1022/143514.356:ERROR:connection_factory_impl.cc(425)] Failed to connect to MCS endpoint with error -105
Oct 22, 2022 14:36:39.93 [8000:5848:1022/143639.931:ERROR:fallback_task_provider.cc(124)] Every renderer should have at least one task provided by a primary task provider. If a "Renderer" fallback task is shown, it is a bug. If you have repro steps, please file a new bug and tag it as a dependency of crbug.com/739782.
Oct 22, 2022 14:36:41.13 [8000:5848:1022/143641.133:ERROR:fallback_task_provider.cc(124)] Every renderer should have at least one task provided by a primary task provider. If a "Renderer" fallback task is shown, it is a bug. If you have repro steps, please file a new bug and tag it as a dependency of crbug.com/739782.
Oct 22, 2022 14:41:40.05 [8000:5848:1022/144139.931:ERROR:fallback_task_provider.cc(124)] Every renderer should have at least one task provided by a primary task provider. If a "Renderer" fallback task is shown, it is a bug. If you have repro steps, please file a new bug and tag it as a dependency of crbug.com/739782.
Oct 22, 2022 14:44:40.84 [8000:7552:1022/144440.844:ERROR:gcm_store_impl.cc(650)] LevelDB remove failed: NotFound: 
Oct 22, 2022 14:44:40.84 [8000:8640:1022/144440.844:ERROR:mcs_client.cc(527)] GCM Update failed!
Oct 22, 2022 14:52:53.90 [8000:5848:1022/145253.903:ERROR:fallback_task_provider.cc(124)] Every renderer should have at least one task provided by a primary task provider. If a "Renderer" fallback task is shown, it is a bug. If you have repro steps, please file a new bug and tag it as a dependency of crbug.com/739782.
Oct 22, 2022 14:54:21.17 [8000:8640:1022/145421.172:ERROR:connection_factory_impl.cc(425)] Failed to connect to MCS endpoint with error -105
Oct 22, 2022 14:54:23.53 [8000:8640:1022/145423.533:ERROR:connection_factory_impl.cc(425)] Failed to connect to MCS endpoint with error -106
Oct 22, 2022 14:54:42.40 [8000:8640:1022/145442.402:ERROR:connection_factory_impl.cc(425)] Failed to connect to MCS endpoint with error -105
Oct 22, 2022 15:26:39.94 [8000:5848:1022/152639.942:ERROR:fallback_task_provider.cc(124)] Every renderer should have at least one task provided by a primary task provider. If a "Renderer" fallback task is shown, it is a bug. If you have repro steps, please file a new bug and tag it as a dependency of crbug.com/739782.
Oct 22, 2022 15:29:36.07 [8000:5848:1022/152935.662:ERROR:fallback_task_provider.cc(124)] Every renderer should have at least one task provided by a primary task provider. If a "Renderer" fallback task is shown, it is a bug. If you have repro steps, please file a new bug and tag it as a dependency of crbug.com/739782.
Oct 22, 2022 15:40:40.33 [8000:5848:1022/154040.331:ERROR:fallback_task_provider.cc(124)] Every renderer should have at least one task provided by a primary task provider. If a "Renderer" fallback task is shown, it is a bug. If you have repro steps, please file a new bug and tag it as a dependency of crbug.com/739782.
Oct 22, 2022 15:41:39.92 [8000:5848:1022/154139.925:ERROR:fallback_task_provider.cc(124)] Every renderer should have at least one task provided by a primary task provider. If a "Renderer" fallback task is shown, it is a bug. If you have repro steps, please file a new bug and tag it as a dependency of crbug.com/739782.
Oct 22, 2022 15:56:39.95 [8000:5848:1022/155639.949:ERROR:fallback_task_provider.cc(124)] Every renderer should have at least one task provided by a primary task provider. If a "Renderer" fallback task is shown, it is a bug. If you have repro steps, please file a new bug and tag it as a dependency of crbug.com/739782.
Oct 22, 2022 16:06:39.96 [8000:5848:1022/160639.964:ERROR:fallback_task_provider.cc(124)] Every renderer should have at least one task provided by a primary task provider. If a "Renderer" fallback task is shown, it is a bug. If you have repro steps, please file a new bug and tag it as a dependency of crbug.com/739782.

Oct 31, 2022 11:33:19.88 NEW SESSION
Oct 31, 2022 11:33:19.88 [10160:6372:1031/113319.877:ERROR:device_event_log_impl.cc(214)] [11:33:19.875] USB: usb_device_handle_win.cc:1048 Failed to read descriptor from node connection: A device attached to the system is not functioning. (0x1F)
Oct 31, 2022 11:34:17.00 [10160:1092:1031/113417.008:ERROR:util.cc(129)] Can't create base directory: C:\Program Files\Google\GoogleUpdater

Oct 31, 2022 16:16:09.14 NEW SESSION
Oct 31, 2022 16:16:09.15 [6412:2628:1031/161608.948:ERROR:device_event_log_impl.cc(214)] [16:16:08.947] USB: usb_device_handle_win.cc:1048 Failed to read descriptor from node connection: A device attached to the system is not functioning. (0x1F)
Oct 31, 2022 16:17:01.39 [6412:6284:1031/161701.398:ERROR:util.cc(129)] Can't create base directory: C:\Program Files\Google\GoogleUpdater
Nov 01, 2022 11:18:55.61 [6412:10952:1101/111855.122:ERROR:connection_factory_impl.cc(425)] Failed to connect to MCS endpoint with error -106
Nov 01, 2022 11:18:57.28 [6412:10208:1101/111855.161:ERROR:get_updates_processor.cc(260)] PostClientToServerMessage() failed during GetUpdates with error 2
Nov 01, 2022 11:18:58.22 [6412:2328:1101/111858.222:ERROR:util.cc(129)] Can't create base directory: C:\Program Files\Google\GoogleUpdater
Nov 01, 2022 11:19:17.28 [6412:10952:1101/111917.284:ERROR:connection_factory_impl.cc(425)] Failed to connect to MCS endpoint with error -105
Nov 01, 2022 11:19:19.29 [6412:10952:1101/111919.298:ERROR:connection_factory_impl.cc(425)] Failed to connect to MCS endpoint with error -106
Nov 01, 2022 13:46:14.66 [6412:10444:1101/134614.663:ERROR:cert_issuer_source_aia.cc(34)] Error parsing cert retrieved from AIA (as DER):
Nov 01, 2022 13:46:14.68 ERROR: Couldn't read tbsCertificate as SEQUENCE
Nov 01, 2022 13:46:14.68 ERROR: Failed parsing Certificate
Nov 01, 2022 13:46:14.68 
Nov 01, 2022 13:46:17.08 [6412:10444:1101/134617.086:ERROR:cert_verify_proc_builtin.cc(670)] CertVerifyProcBuiltin for erp.sunilos.com failed:
Nov 01, 2022 13:46:17.08 ----- Certificate i=0 (CN=erp.sunilos.com) -----
Nov 01, 2022 13:46:17.08 ERROR: Time is after notAfter
Nov 01, 2022 13:46:17.09 
Nov 01, 2022 13:46:17.09 
Nov 01, 2022 15:06:05.94 [6412:10952:1101/150605.932:ERROR:connection_factory_impl.cc(425)] Failed to connect to MCS endpoint with error -106
Nov 01, 2022 15:31:55.46 [6412:10952:1101/153155.464:ERROR:connection_factory_impl.cc(425)] Failed to connect to MCS endpoint with error -106
Nov 01, 2022 15:32:22.24 [6412:10952:1101/153222.247:ERROR:connection_factory_impl.cc(425)] Failed to connect to MCS endpoint with error -106
Nov 01, 2022 15:33:10.95 [6412:10952:1101/153310.957:ERROR:connection_factory_impl.cc(425)] Failed to connect to MCS endpoint with error -106
Nov 01, 2022 15:34:48.35 [6412:10952:1101/153448.355:ERROR:connection_factory_impl.cc(425)] Failed to connect to MCS endpoint with error -106
Nov 01, 2022 15:48:59.54 [6412:10952:1101/154859.541:ERROR:connection_factory_impl.cc(425)] Failed to connect to MCS endpoint with error -106
Nov 01, 2022 15:49:26.96 [6412:10952:1101/154926.962:ERROR:connection_factory_impl.cc(425)] Failed to connect to MCS endpoint with error -106
Nov 01, 2022 15:50:23.22 [6412:10952:1101/155023.223:ERROR:connection_factory_impl.cc(425)] Failed to connect to MCS endpoint with error -106
Nov 01, 2022 16:19:01.86 [5056:9448:1101/161901.844:ERROR:device_event_log_impl.cc(214)] [16:19:01.842] USB: usb_device_handle_win.cc:1048 Failed to read descriptor from node connection: A device attached to the system is not functioning. (0x1F)
Nov 01, 2022 16:19:55.81 [5056:9908:1101/161955.815:ERROR:util.cc(129)] Can't create base directory: C:\Program Files\Google\GoogleUpdater
Nov 01, 2022 16:20:41.17 [5056:12124:1101/162041.174:ERROR:connection_factory_impl.cc(425)] Failed to connect to MCS endpoint with error -106
Nov 01, 2022 16:21:11.16 [5056:12124:1101/162111.162:ERROR:connection_factory_impl.cc(425)] Failed to connect to MCS endpoint with error -106
Nov 01, 2022 16:22:00.96 [5056:12124:1101/162200.966:ERROR:connection_factory_impl.cc(425)] Failed to connect to MCS endpoint with error -106
Nov 01, 2022 16:25:30.75 [5056:12124:1101/162530.754:ERROR:connection_factory_impl.cc(425)] Failed to connect to MCS endpoint with error -106
Nov 01, 2022 16:25:33.77 [5056:11504:1101/162533.774:ERROR:get_updates_processor.cc(260)] PostClientToServerMessage() failed during GetUpdates with error 2
Nov 01, 2022 16:25:55.54 [5056:12124:1101/162555.543:ERROR:connection_factory_impl.cc(425)] Failed to connect to MCS endpoint with error -106
Nov 01, 2022 16:26:48.78 [5056:10480:1101/162648.785:ERROR:get_updates_processor.cc(260)] PostClientToServerMessage() failed during GetUpdates with error 2
Nov 01, 2022 16:26:55.33 [5056:12124:1101/162655.330:ERROR:connection_factory_impl.cc(425)] Failed to connect to MCS endpoint with error -106
Nov 01, 2022 16:32:51.74 [5056:12124:1101/163251.739:ERROR:connection_factory_impl.cc(425)] Failed to connect to MCS endpoint with error -106
Nov 01, 2022 18:56:55.09 [5056:12124:1101/185655.079:ERROR:connection_factory_impl.cc(425)] Failed to connect to MCS endpoint with error -105
Nov 01, 2022 18:57:00.82 [5056:12124:1101/185700.820:ERROR:connection_factory_impl.cc(425)] Failed to connect to MCS endpoint with error -105
Nov 01, 2022 18:57:20.33 [5056:12124:1101/185720.333:ERROR:connection_factory_impl.cc(425)] Failed to connect to MCS endpoint with error -105

Nov 02, 2022 11:47:30.45 NEW SESSION
Nov 02, 2022 11:47:30.46 [11736:7852:1102/114730.393:ERROR:device_event_log_impl.cc(214)] [11:47:30.392] USB: usb_device_handle_win.cc:1048 Failed to read descriptor from node connection: A device attached to the system is not functioning. (0x1F)
Nov 02, 2022 11:48:25.85 [11736:2332:1102/114825.851:ERROR:util.cc(129)] Can't create base directory: C:\Program Files\Google\GoogleUpdater
Nov 02, 2022 13:47:56.19 [11736:2576:1102/134756.186:ERROR:connection_factory_impl.cc(425)] Failed to connect to MCS endpoint with error -105
Nov 02, 2022 14:32:09.88 [11736:2576:1102/143209.877:ERROR:connection_factory_impl.cc(425)] Failed to connect to MCS endpoint with error -106
Nov 02, 2022 14:32:59.27 [11736:2576:1102/143259.277:ERROR:connection_factory_impl.cc(425)] Failed to connect to MCS endpoint with error -106
Nov 02, 2022 14:34:56.69 [11736:2576:1102/143456.676:ERROR:connection_factory_impl.cc(425)] Failed to connect to MCS endpoint with error -106
Nov 02, 2022 14:37:45.43 [11736:2576:1102/143745.432:ERROR:connection_factory_impl.cc(425)] Failed to connect to MCS endpoint with error -106
Nov 02, 2022 14:43:25.67 [11736:2576:1102/144325.675:ERROR:connection_factory_impl.cc(425)] Failed to connect to MCS endpoint with error -106
Nov 02, 2022 14:53:25.69 [11736:2576:1102/145325.693:ERROR:connection_factory_impl.cc(425)] Failed to connect to MCS endpoint with error -106
Nov 02, 2022 15:03:25.70 [11736:2576:1102/150325.699:ERROR:connection_factory_impl.cc(425)] Failed to connect to MCS endpoint with error -106
Nov 02, 2022 15:13:25.71 [11736:2576:1102/151325.713:ERROR:connection_factory_impl.cc(425)] Failed to connect to MCS endpoint with error -106
Nov 02, 2022 15:22:07.67 [11736:7808:1102/152207.669:ERROR:get_updates_processor.cc(260)] PostClientToServerMessage() failed during GetUpdates with error 2
Nov 02, 2022 15:23:25.72 [11736:2576:1102/152325.721:ERROR:connection_factory_impl.cc(425)] Failed to connect to MCS endpoint with error -106
Nov 02, 2022 15:33:25.73 [11736:2576:1102/153325.733:ERROR:connection_factory_impl.cc(425)] Failed to connect to MCS endpoint with error -106
Nov 02, 2022 15:37:21.84 [11736:8504:1102/153721.845:ERROR:get_updates_processor.cc(260)] PostClientToServerMessage() failed during GetUpdates with error 2
Nov 02, 2022 15:38:06.86 [11736:4388:1102/153806.856:ERROR:get_updates_processor.cc(260)] PostClientToServerMessage() failed during GetUpdates with error 2
Nov 02, 2022 15:39:14.36 [11736:8504:1102/153914.365:ERROR:get_updates_processor.cc(260)] PostClientToServerMessage() failed during GetUpdates with error 2
Nov 02, 2022 15:42:03.13 [11736:4408:1102/154203.132:ERROR:get_updates_processor.cc(260)] PostClientToServerMessage() failed during GetUpdates with error 2
Nov 02, 2022 15:43:25.74 [11736:2576:1102/154325.742:ERROR:connection_factory_impl.cc(425)] Failed to connect to MCS endpoint with error -106
Nov 02, 2022 15:49:05.01 [11736:4408:1102/154905.015:ERROR:get_updates_processor.cc(260)] PostClientToServerMessage() failed during GetUpdates with error 2
Nov 02, 2022 15:53:25.76 [11736:2576:1102/155325.760:ERROR:connection_factory_impl.cc(425)] Failed to connect to MCS endpoint with error -106
Nov 02, 2022 15:56:28.12 [11736:2576:1102/155628.123:ERROR:connection_factory_impl.cc(425)] Failed to connect to MCS endpoint with error -105
Nov 02, 2022 15:56:28.19 [11736:10928:1102/155628.192:ERROR:get_updates_processor.cc(260)] PostClientToServerMessage() failed during GetUpdates with error 2
Nov 02, 2022 16:20:04.80 [11736:2576:1102/162004.795:ERROR:connection_factory_impl.cc(425)] Failed to connect to MCS endpoint with error -106
Nov 02, 2022 16:20:28.52 [11736:2576:1102/162028.527:ERROR:connection_factory_impl.cc(425)] Failed to connect to MCS endpoint with error -105
Nov 02, 2022 16:20:30.56 [11736:2576:1102/162030.559:ERROR:connection_factory_impl.cc(425)] Failed to connect to MCS endpoint with error -106
Nov 02, 2022 16:20:45.51 [11736:2576:1102/162045.512:ERROR:connection_factory_impl.cc(425)] Failed to connect to MCS endpoint with error -105
Nov 02, 2022 16:20:47.53 [11736:2576:1102/162047.534:ERROR:connection_factory_impl.cc(425)] Failed to connect to MCS endpoint with error -106
Nov 02, 2022 16:22:21.50 [11736:2576:1102/162221.503:ERROR:connection_factory_impl.cc(425)] Failed to connect to MCS endpoint with error -105
Nov 02, 2022 16:22:26.00 [11736:2576:1102/162226.006:ERROR:connection_factory_impl.cc(425)] Failed to connect to MCS endpoint with error -105
Nov 02, 2022 16:22:33.73 [11736:2576:1102/162233.737:ERROR:connection_factory_impl.cc(425)] Failed to connect to MCS endpoint with error -105
Nov 02, 2022 16:22:35.76 [11736:2576:1102/162235.760:ERROR:connection_factory_impl.cc(425)] Failed to connect to MCS endpoint with error -106
Nov 02, 2022 16:22:44.01 [11736:2576:1102/162244.017:ERROR:connection_factory_impl.cc(425)] Failed to connect to MCS endpoint with error -105
Nov 02, 2022 16:22:50.56 [11736:2576:1102/162250.559:ERROR:connection_factory_impl.cc(425)] Failed to connect to MCS endpoint with error -105
Nov 02, 2022 16:22:55.55 [11736:2576:1102/162255.555:ERROR:connection_factory_impl.cc(425)] Failed to connect to MCS endpoint with error -105
Nov 02, 2022 16:23:01.00 [11736:2576:1102/162301.004:ERROR:connection_factory_impl.cc(425)] Failed to connect to MCS endpoint with error -105
Nov 02, 2022 16:23:26.06 [11736:2576:1102/162326.069:ERROR:connection_factory_impl.cc(425)] Failed to connect to MCS endpoint with error -118
Nov 02, 2022 16:23:33.73 [11736:2576:1102/162333.732:ERROR:connection_factory_impl.cc(425)] Failed to connect to MCS endpoint with error -105
Nov 02, 2022 16:23:35.75 [11736:2576:1102/162335.750:ERROR:connection_factory_impl.cc(425)] Failed to connect to MCS endpoint with error -106
Nov 02, 2022 16:24:12.05 [11736:2576:1102/162412.055:ERROR:connection_factory_impl.cc(425)] Failed to connect to MCS endpoint with error -118
Nov 02, 2022 16:24:23.02 [11736:2576:1102/162423.026:ERROR:connection_factory_impl.cc(425)] Failed to connect to MCS endpoint with error -105
Nov 02, 2022 16:24:30.77 [11736:2576:1102/162430.773:ERROR:connection_factory_impl.cc(425)] Failed to connect to MCS endpoint with error -105
Nov 02, 2022 16:24:32.79 [11736:2576:1102/162432.790:ERROR:connection_factory_impl.cc(425)] Failed to connect to MCS endpoint with error -106
Nov 02, 2022 16:24:41.50 [11736:2576:1102/162441.504:ERROR:connection_factory_impl.cc(425)] Failed to connect to MCS endpoint with error -105
Nov 02, 2022 16:24:56.84 [11736:2576:1102/162456.843:ERROR:connection_factory_impl.cc(425)] Failed to connect to MCS endpoint with error -105
Nov 02, 2022 16:24:58.86 [11736:2576:1102/162458.861:ERROR:connection_factory_impl.cc(425)] Failed to connect to MCS endpoint with error -106
Nov 02, 2022 16:26:38.63 [11736:2576:1102/162638.636:ERROR:connection_factory_impl.cc(425)] Failed to connect to MCS endpoint with error -105
Nov 02, 2022 16:27:21.28 [11736:2576:1102/162721.284:ERROR:connection_factory_impl.cc(425)] Failed to connect to MCS endpoint with error -7
Nov 02, 2022 16:28:28.33 [11736:2576:1102/162828.335:ERROR:connection_factory_impl.cc(425)] Failed to connect to MCS endpoint with error -7
Nov 02, 2022 16:29:19.54 [11736:2576:1102/162919.549:ERROR:connection_factory_impl.cc(425)] Failed to connect to MCS endpoint with error -118
Nov 02, 2022 16:29:25.50 [11736:2576:1102/162925.505:ERROR:connection_factory_impl.cc(425)] Failed to connect to MCS endpoint with error -105
Nov 02, 2022 16:29:33.01 [11736:2576:1102/162933.014:ERROR:connection_factory_impl.cc(425)] Failed to connect to MCS endpoint with error -105
Nov 02, 2022 16:29:37.53 [11736:2576:1102/162937.531:ERROR:connection_factory_impl.cc(425)] Failed to connect to MCS endpoint with error -105
Nov 02, 2022 16:29:53.54 [11736:2576:1102/162953.540:ERROR:connection_factory_impl.cc(425)] Failed to connect to MCS endpoint with error -105
Nov 02, 2022 16:30:02.02 [11736:2576:1102/163002.028:ERROR:connection_factory_impl.cc(425)] Failed to connect to MCS endpoint with error -105
Nov 02, 2022 16:30:10.06 [11736:2576:1102/163010.065:ERROR:connection_factory_impl.cc(425)] Failed to connect to MCS endpoint with error -105
Nov 02, 2022 16:30:15.10 [11736:2576:1102/163015.102:ERROR:connection_factory_impl.cc(425)] Failed to connect to MCS endpoint with error -105
Nov 02, 2022 16:30:23.05 [11736:2576:1102/163023.054:ERROR:connection_factory_impl.cc(425)] Failed to connect to MCS endpoint with error -105
Nov 02, 2022 16:30:25.05 [11736:2576:1102/163025.057:ERROR:connection_factory_impl.cc(425)] Failed to connect to MCS endpoint with error -106
Nov 02, 2022 16:34:00.25 [11736:2576:1102/163400.259:ERROR:connection_factory_impl.cc(425)] Failed to connect to MCS endpoint with error -105
Nov 02, 2022 16:34:15.49 [11736:2576:1102/163415.498:ERROR:connection_factory_impl.cc(425)] Failed to connect to MCS endpoint with error -105
Nov 02, 2022 16:35:02.09 [11736:2576:1102/163502.092:ERROR:connection_factory_impl.cc(425)] Failed to connect to MCS endpoint with error -118
Nov 02, 2022 16:35:21.90 [11736:2576:1102/163521.907:ERROR:connection_factory_impl.cc(425)] Failed to connect to MCS endpoint with error -105
Nov 02, 2022 16:35:24.33 [11736:2576:1102/163524.333:ERROR:connection_factory_impl.cc(425)] Failed to connect to MCS endpoint with error -106
Nov 02, 2022 16:35:34.99 [11736:2576:1102/163534.998:ERROR:connection_factory_impl.cc(425)] Failed to connect to MCS endpoint with error -105
Nov 02, 2022 16:35:44.00 [11736:2576:1102/163544.003:ERROR:connection_factory_impl.cc(425)] Failed to connect to MCS endpoint with error -105
Nov 02, 2022 16:35:51.41 [11736:2576:1102/163551.415:ERROR:connection_factory_impl.cc(425)] Failed to connect to MCS endpoint with error -105
Nov 02, 2022 16:36:01.99 [11736:2576:1102/163601.999:ERROR:connection_factory_impl.cc(425)] Failed to connect to MCS endpoint with error -105
Nov 02, 2022 16:36:09.47 [11736:2576:1102/163609.469:ERROR:connection_factory_impl.cc(425)] Failed to connect to MCS endpoint with error -105
Nov 02, 2022 16:36:11.48 [11736:2576:1102/163611.487:ERROR:connection_factory_impl.cc(425)] Failed to connect to MCS endpoint with error -106
Nov 02, 2022 16:36:32.49 [11736:2576:1102/163632.497:ERROR:connection_factory_impl.cc(425)] Failed to connect to MCS endpoint with error -105
Nov 02, 2022 16:36:34.52 [11736:2576:1102/163634.520:ERROR:connection_factory_impl.cc(425)] Failed to connect to MCS endpoint with error -106
Nov 02, 2022 16:37:12.74 [11736:2576:1102/163712.743:ERROR:connection_factory_impl.cc(425)] Failed to connect to MCS endpoint with error -7
Nov 02, 2022 16:37:47.09 [11736:2576:1102/163747.092:ERROR:connection_factory_impl.cc(425)] Failed to connect to MCS endpoint with error -118
Nov 02, 2022 16:38:21.37 [11736:2576:1102/163821.377:ERROR:connection_factory_impl.cc(425)] Failed to connect to MCS endpoint with error -7
Nov 02, 2022 16:38:28.57 [11736:2576:1102/163828.575:ERROR:connection_factory_impl.cc(425)] Failed to connect to MCS endpoint with error -105
Nov 02, 2022 16:38:30.60 [11736:2576:1102/163830.602:ERROR:connection_factory_impl.cc(425)] Failed to connect to MCS endpoint with error -106
Nov 02, 2022 16:39:16.89 [11736:2576:1102/163916.898:ERROR:connection_factory_impl.cc(425)] Failed to connect to MCS endpoint with error -105
Nov 02, 2022 16:39:25.25 [11736:2576:1102/163925.251:ERROR:connection_factory_impl.cc(425)] Failed to connect to MCS endpoint with error -105
Nov 02, 2022 16:39:27.30 [11736:2576:1102/163927.305:ERROR:connection_factory_impl.cc(425)] Failed to connect to MCS endpoint with error -105
Nov 02, 2022 16:39:33.60 [11736:2576:1102/163933.603:ERROR:connection_factory_impl.cc(425)] Failed to connect to MCS endpoint with error -106
Nov 02, 2022 16:39:35.77 [11736:7852:1102/163935.770:ERROR:device_event_log_impl.cc(214)] [16:39:35.768] USB: usb_service_win.cc:104 SetupDiGetDeviceProperty({{A45C254E-DF1C-4EFD-8020-67D146A850E0}, 6}) failed: Element not found. (0x490)
Nov 02, 2022 16:39:49.57 [11736:2576:1102/163949.571:ERROR:connection_factory_impl.cc(425)] Failed to connect to MCS endpoint with error -105
Nov 02, 2022 16:39:54.01 [11736:2576:1102/163954.019:ERROR:connection_factory_impl.cc(425)] Failed to connect to MCS endpoint with error -105
Nov 02, 2022 16:39:57.50 [11736:2576:1102/163957.505:ERROR:connection_factory_impl.cc(425)] Failed to connect to MCS endpoint with error -106
Nov 02, 2022 16:40:27.12 [11736:2576:1102/164027.124:ERROR:connection_factory_impl.cc(425)] Failed to connect to MCS endpoint with error -118
Nov 02, 2022 16:41:00.03 [11736:2576:1102/164100.029:ERROR:connection_factory_impl.cc(425)] Failed to connect to MCS endpoint with error -118
Nov 02, 2022 16:41:12.54 [11736:2576:1102/164112.541:ERROR:connection_factory_impl.cc(425)] Failed to connect to MCS endpoint with error -105
Nov 02, 2022 16:41:20.76 [11736:2576:1102/164120.705:ERROR:connection_factory_impl.cc(425)] Failed to connect to MCS endpoint with error -105
Nov 02, 2022 16:41:22.73 [11736:2576:1102/164122.733:ERROR:connection_factory_impl.cc(425)] Failed to connect to MCS endpoint with error -106
Nov 02, 2022 16:48:27.01 [11736:11044:1102/164827.007:ERROR:util.cc(129)] Can't create base directory: C:\Program Files\Google\GoogleUpdater
Nov 02, 2022 16:56:07.46 [11736:2576:1102/165607.464:ERROR:connection_factory_impl.cc(425)] Failed to connect to MCS endpoint with error -106
Nov 02, 2022 18:18:26.41 [11736:2576:1102/181826.407:ERROR:connection_factory_impl.cc(425)] Failed to connect to MCS endpoint with error -106
Nov 02, 2022 18:18:50.89 [11736:2576:1102/181850.885:ERROR:connection_factory_impl.cc(425)] Failed to connect to MCS endpoint with error -106
Nov 02, 2022 18:19:31.64 [11736:2576:1102/181931.640:ERROR:connection_factory_impl.cc(425)] Failed to connect to MCS endpoint with error -106
Nov 02, 2022 18:21:19.10 [11736:2576:1102/182119.103:ERROR:connection_factory_impl.cc(425)] Failed to connect to MCS endpoint with error -106
Nov 02, 2022 18:25:12.22 [11736:2576:1102/182512.221:ERROR:connection_factory_impl.cc(425)] Failed to connect to MCS endpoint with error -106
Nov 02, 2022 18:32:13.98 [11736:2576:1102/183213.983:ERROR:connection_factory_impl.cc(425)] Failed to connect to MCS endpoint with error -106
Nov 02, 2022 18:42:13.99 [11736:2576:1102/184213.990:ERROR:connection_factory_impl.cc(425)] Failed to connect to MCS endpoint with error -106
Nov 02, 2022 18:52:13.99 [11736:2576:1102/185213.995:ERROR:connection_factory_impl.cc(425)] Failed to connect to MCS endpoint with error -106
Nov 02, 2022 19:02:14.01 [11736:2576:1102/190214.010:ERROR:connection_factory_impl.cc(425)] Failed to connect to MCS endpoint with error -106
Nov 02, 2022 19:12:14.03 [11736:2576:1102/191214.027:ERROR:connection_factory_impl.cc(425)] Failed to connect to MCS endpoint with error -106
Nov 02, 2022 21:47:47.01 [11736:2576:1102/214747.016:ERROR:connection_factory_impl.cc(425)] Failed to connect to MCS endpoint with error -106
Nov 02, 2022 21:47:47.01 [11736:1148:1102/214747.017:ERROR:get_updates_processor.cc(260)] PostClientToServerMessage() failed during GetUpdates with error 2

Nov 03, 2022 11:44:53.19 NEW SESSION
Nov 03, 2022 11:44:53.19 [7040:1940:1103/114453.189:ERROR:device_event_log_impl.cc(214)] [11:44:53.189] USB: usb_device_handle_win.cc:1048 Failed to read descriptor from node connection: A device attached to the system is not functioning. (0x1F)
Nov 03, 2022 11:45:48.81 [7040:7136:1103/114548.812:ERROR:util.cc(129)] Can't create base directory: C:\Program Files\Google\GoogleUpdater
Nov 03, 2022 11:52:19.28 [10048:7036:1103/115219.284:ERROR:device_event_log_impl.cc(214)] [11:52:19.285] USB: usb_device_handle_win.cc:1048 Failed to read descriptor from node connection: A device attached to the system is not functioning. (0x1F)
Nov 03, 2022 11:53:15.78 [10048:804:1103/115315.789:ERROR:util.cc(129)] Can't create base directory: C:\Program Files\Google\GoogleUpdater
Nov 03, 2022 11:54:26.90 [libprotobuf ERROR ..\..\third_party\protobuf\src\google\protobuf\message_lite.cc:133] Can't parse message of type "safe_browsing.ClientDownloadRequest" because it is missing required fields: (cannot determine missing fields for lite message)
Nov 03, 2022 18:19:04.16 [3896:8396:1103/181904.166:ERROR:device_event_log_impl.cc(214)] [18:19:04.160] USB: usb_device_handle_win.cc:1048 Failed to read descriptor from node connection: A device attached to the system is not functioning. (0x1F)
Nov 03, 2022 18:19:58.30 [3896:8480:1103/181958.307:ERROR:util.cc(129)] Can't create base directory: C:\Program Files\Google\GoogleUpdater
Nov 04, 2022 04:19:07.24 [3896:3932:1104/041907.224:ERROR:connection_factory_impl.cc(425)] Failed to connect to MCS endpoint with error -106
Nov 04, 2022 04:19:07.25 [3896:12512:1104/041907.240:ERROR:get_updates_processor.cc(260)] PostClientToServerMessage() failed during GetUpdates with error 2
Nov 04, 2022 04:19:08.34 [3896:8480:1104/041908.021:ERROR:util.cc(129)] Can't create base directory: C:\Program Files\Google\GoogleUpdater
Nov 04, 2022 04:19:29.17 [3896:3932:1104/041929.172:ERROR:connection_factory_impl.cc(425)] Failed to connect to MCS endpoint with error -106
Nov 04, 2022 04:20:14.36 [3896:3932:1104/042014.362:ERROR:connection_factory_impl.cc(425)] Failed to connect to MCS endpoint with error -106
Nov 04, 2022 04:21:44.77 [3896:7176:1104/042144.778:ERROR:get_updates_processor.cc(260)] PostClientToServerMessage() failed during GetUpdates with error 2
Nov 04, 2022 04:21:53.18 [3896:3932:1104/042153.180:ERROR:connection_factory_impl.cc(425)] Failed to connect to MCS endpoint with error -106
Nov 04, 2022 04:22:29.79 [3896:5556:1104/042229.789:ERROR:get_updates_processor.cc(260)] PostClientToServerMessage() failed during GetUpdates with error 2
Nov 04, 2022 04:23:37.30 [3896:616:1104/042337.309:ERROR:get_updates_processor.cc(260)] PostClientToServerMessage() failed during GetUpdates with error 2
Nov 04, 2022 04:25:18.56 [3896:5556:1104/042518.567:ERROR:get_updates_processor.cc(260)] PostClientToServerMessage() failed during GetUpdates with error 2
Nov 04, 2022 04:25:29.78 [3896:3932:1104/042529.778:ERROR:connection_factory_impl.cc(425)] Failed to connect to MCS endpoint with error -106
Nov 04, 2022 04:27:50.45 [3896:616:1104/042750.452:ERROR:get_updates_processor.cc(260)] PostClientToServerMessage() failed during GetUpdates with error 2
Nov 04, 2022 04:30:53.00 [3896:3932:1104/043053.004:ERROR:connection_factory_impl.cc(425)] Failed to connect to MCS endpoint with error -106
Nov 04, 2022 04:31:38.28 [3896:5556:1104/043138.280:ERROR:get_updates_processor.cc(260)] PostClientToServerMessage() failed during GetUpdates with error 2
Nov 04, 2022 04:37:20.01 [3896:6592:1104/043720.014:ERROR:get_updates_processor.cc(260)] PostClientToServerMessage() failed during GetUpdates with error 2
Nov 04, 2022 04:40:53.01 [3896:3932:1104/044053.013:ERROR:connection_factory_impl.cc(425)] Failed to connect to MCS endpoint with error -106
Nov 04, 2022 04:47:20.02 [3896:876:1104/044720.024:ERROR:get_updates_processor.cc(260)] PostClientToServerMessage() failed during GetUpdates with error 2
Nov 04, 2022 04:50:53.01 [3896:3932:1104/045053.017:ERROR:connection_factory_impl.cc(425)] Failed to connect to MCS endpoint with error -106
Nov 04, 2022 04:57:20.03 [3896:13148:1104/045720.038:ERROR:get_updates_processor.cc(260)] PostClientToServerMessage() failed during GetUpdates with error 2
Nov 04, 2022 05:00:53.03 [3896:3932:1104/050053.033:ERROR:connection_factory_impl.cc(425)] Failed to connect to MCS endpoint with error -106
Nov 04, 2022 05:07:20.05 [3896:3820:1104/050720.049:ERROR:get_updates_processor.cc(260)] PostClientToServerMessage() failed during GetUpdates with error 2
Nov 04, 2022 05:10:53.05 [3896:3932:1104/051053.049:ERROR:connection_factory_impl.cc(425)] Failed to connect to MCS endpoint with error -106
Nov 04, 2022 05:17:20.06 [3896:10456:1104/051720.063:ERROR:get_updates_processor.cc(260)] PostClientToServerMessage() failed during GetUpdates with error 2
Nov 04, 2022 05:20:53.05 [3896:3932:1104/052053.058:ERROR:connection_factory_impl.cc(425)] Failed to connect to MCS endpoint with error -106
Nov 04, 2022 05:27:20.08 [3896:10456:1104/052720.083:ERROR:get_updates_processor.cc(260)] PostClientToServerMessage() failed during GetUpdates with error 2
Nov 04, 2022 05:30:53.06 [3896:3932:1104/053053.064:ERROR:connection_factory_impl.cc(425)] Failed to connect to MCS endpoint with error -106
Nov 04, 2022 05:37:20.10 [3896:6500:1104/053720.101:ERROR:get_updates_processor.cc(260)] PostClientToServerMessage() failed during GetUpdates with error 2
Nov 04, 2022 05:40:53.07 [3896:3932:1104/054053.070:ERROR:connection_factory_impl.cc(425)] Failed to connect to MCS endpoint with error -106

Nov 08, 2022 15:05:21.50 NEW SESSION
Nov 08, 2022 15:05:21.50 [10840:13076:1108/150521.500:ERROR:device_event_log_impl.cc(215)] [15:05:21.500] USB: usb_device_handle_win.cc:1048 Failed to read descriptor from node connection: A device attached to the system is not functioning. (0x1F)
Nov 08, 2022 15:05:38.89 [10840:9988:1108/150538.892:ERROR:connection_factory_impl.cc(426)] Failed to connect to MCS endpoint with error -105
Nov 08, 2022 15:06:00.04 [10840:9988:1108/150600.039:ERROR:connection_factory_impl.cc(426)] Failed to connect to MCS endpoint with error -106
Nov 08, 2022 15:06:18.34 [10840:5820:1108/150618.346:ERROR:util.cc(129)] Can't create base directory: C:\Program Files\Google\GoogleUpdater
Nov 08, 2022 15:06:26.41 [10840:13076:1108/150626.411:ERROR:account_info_fetcher.cc(62)] OnGetTokenFailure: Connection failed (-106).
Nov 08, 2022 15:06:43.36 [10840:9988:1108/150643.360:ERROR:connection_factory_impl.cc(426)] Failed to connect to MCS endpoint with error -106
Nov 08, 2022 15:09:08.53 [12228:9276:1108/150908.533:ERROR:device_event_log_impl.cc(215)] [15:09:08.534] USB: usb_device_handle_win.cc:1048 Failed to read descriptor from node connection: A device attached to the system is not functioning. (0x1F)
Nov 08, 2022 15:09:09.03 [12228:8944:1108/150909.034:ERROR:connection_factory_impl.cc(426)] Failed to connect to MCS endpoint with error -106
Nov 08, 2022 15:09:32.54 [12228:8944:1108/150932.542:ERROR:connection_factory_impl.cc(426)] Failed to connect to MCS endpoint with error -106
Nov 08, 2022 15:10:04.55 [12228:2488:1108/151004.556:ERROR:util.cc(129)] Can't create base directory: C:\Program Files\Google\GoogleUpdater
Nov 08, 2022 15:10:24.49 [12228:8944:1108/151024.499:ERROR:connection_factory_impl.cc(426)] Failed to connect to MCS endpoint with error -106
Nov 08, 2022 15:19:05.81 [12228:8944:1108/151905.812:ERROR:connection_factory_impl.cc(426)] Failed to connect to MCS endpoint with error -106
Nov 08, 2022 15:19:27.63 [12228:8944:1108/151927.630:ERROR:connection_factory_impl.cc(426)] Failed to connect to MCS endpoint with error -106
Nov 08, 2022 15:57:53.70 [12228:4412:1108/155753.706:ERROR:cert_verify_proc_builtin.cc(670)] CertVerifyProcBuiltin for global.ib-ibi.com failed:
Nov 08, 2022 15:57:53.72 ----- Certificate i=0 (CN=*.ib-ibi.com,O=KBM Group LLC,L=Louisville,ST=Colorado,C=US) -----
Nov 08, 2022 15:57:53.72 ERROR: Time is after notAfter
Nov 08, 2022 15:57:53.72 
Nov 08, 2022 15:57:53.72 

Nov 09, 2022 15:23:23.93 NEW SESSION
Nov 09, 2022 15:23:23.93 [11732:7396:1109/152323.936:ERROR:device_event_log_impl.cc(215)] [15:23:23.935] USB: usb_device_handle_win.cc:1048 Failed to read descriptor from node connection: A device attached to the system is not functioning. (0x1F)
Nov 09, 2022 15:24:20.97 [11732:13160:1109/152420.975:ERROR:util.cc(129)] Can't create base directory: C:\Program Files\Google\GoogleUpdater
Nov 09, 2022 15:36:36.13 [11732:10776:1109/153636.135:ERROR:connection_factory_impl.cc(426)] Failed to connect to MCS endpoint with error -106
Nov 09, 2022 15:37:21.12 [11732:10776:1109/153721.124:ERROR:connection_factory_impl.cc(426)] Failed to connect to MCS endpoint with error -105
Nov 09, 2022 15:37:26.06 [11732:10776:1109/153726.064:ERROR:connection_factory_impl.cc(426)] Failed to connect to MCS endpoint with error -105
Nov 09, 2022 15:37:30.50 [11732:10776:1109/153730.500:ERROR:connection_factory_impl.cc(426)] Failed to connect to MCS endpoint with error -105
Nov 09, 2022 15:38:31.99 [11732:10776:1109/153831.992:ERROR:connection_factory_impl.cc(426)] Failed to connect to MCS endpoint with error -105
Nov 09, 2022 15:38:36.07 [11732:10776:1109/153836.076:ERROR:connection_factory_impl.cc(426)] Failed to connect to MCS endpoint with error -105
Nov 09, 2022 15:39:19.25 [11732:10776:1109/153919.257:ERROR:connection_factory_impl.cc(426)] Failed to connect to MCS endpoint with error -105
Nov 09, 2022 15:39:58.50 [11732:10776:1109/153958.504:ERROR:connection_factory_impl.cc(426)] Failed to connect to MCS endpoint with error -105
Nov 09, 2022 15:49:46.60 [11732:10776:1109/154946.605:ERROR:connection_factory_impl.cc(426)] Failed to connect to MCS endpoint with error -106
Nov 09, 2022 15:57:47.35 [11732:6384:1109/155747.339:ERROR:cert_verify_proc_builtin.cc(670)] CertVerifyProcBuiltin for global.ib-ibi.com failed:
Nov 09, 2022 15:57:47.36 ----- Certificate i=0 (CN=*.ib-ibi.com,O=KBM Group LLC,L=Louisville,ST=Colorado,C=US) -----
Nov 09, 2022 15:57:47.36 ERROR: Time is after notAfter
Nov 09, 2022 15:57:47.36 
Nov 09, 2022 15:57:47.37 
Nov 09, 2022 15:57:47.47 [11732:6384:1109/155747.471:ERROR:cert_verify_proc_builtin.cc(670)] CertVerifyProcBuiltin for global.ib-ibi.com failed:
Nov 09, 2022 15:57:47.47 ----- Certificate i=0 (CN=*.ib-ibi.com,O=KBM Group LLC,L=Louisville,ST=Colorado,C=US) -----
Nov 09, 2022 15:57:47.47 ERROR: Time is after notAfter
Nov 09, 2022 15:57:47.47 
Nov 09, 2022 15:57:47.47 
Nov 09, 2022 16:11:58.30 [11732:10776:1109/161158.298:ERROR:connection_factory_impl.cc(426)] Failed to connect to MCS endpoint with error -105
Nov 09, 2022 16:15:19.10 [11732:10776:1109/161519.099:ERROR:connection_factory_impl.cc(426)] Failed to connect to MCS endpoint with error -105
Nov 09, 2022 16:17:35.73 [11732:10776:1109/161735.735:ERROR:connection_factory_impl.cc(426)] Failed to connect to MCS endpoint with error -118
Nov 09, 2022 16:32:25.71 [11732:10776:1109/163225.709:ERROR:connection_factory_impl.cc(426)] Failed to connect to MCS endpoint with error -106
Nov 09, 2022 16:32:36.80 [11732:10776:1109/163236.803:ERROR:connection_factory_impl.cc(426)] Failed to connect to MCS endpoint with error -105
